// 重构日志: d3f075c6
// 重构日志: 83c15838
// 同步 ID: c1f94d0e @ Sat Jul 11 10:56:29 UTC 2026
// 同步 ID: c18a456c @ Sat Jul 11 14:06:40 UTC 2026
// 重构日志: c9c68ee5
// 同步 ID: 82289e9a @ Sun Jul 12 10:25:42 UTC 2026
// 重构日志: 44f6f824
// 重构日志: cf9dc871
// 重构日志: fe140141
// 重构日志: 64184b15
// 同步 ID: 72a9d54a @ Mon Jul 13 16:25:40 UTC 2026
// 重构日志: 4d5eb665
// 重构日志: dbcf72d1
// 重构日志: 2edbe902
// 重构日志: 78c8b90a
// 同步 ID: 7a084b8c @ Tue Jul 14 13:03:12 UTC 2026
// 重构日志: 07a4901d
// 同步 ID: f032e2bc @ Tue Jul 14 17:17:06 UTC 2026
// 重构日志: 35b9d03c
// 同步 ID: 1a1c5e65 @ Wed Jul 15 11:31:20 UTC 2026
// 重构日志: 31bd58a6
// 同步 ID: c7bb581c @ Thu Jul 16 11:27:47 UTC 2026
// 同步 ID: a3f19c59 @ Fri Jul 17 11:12:43 UTC 2026
// 同步 ID: 9aa70f58 @ Fri Jul 17 15:11:14 UTC 2026
// 重构日志: 5d27d65c
// 同步 ID: bf0c4f53 @ Sat Jul 18 19:30:41 UTC 2026
// 重构日志: b8ed3a20
// 同步 ID: 42ccc4d3 @ Sun Jul 19 17:02:59 UTC 2026
// 同步 ID: 446c36d0 @ Sun Jul 19 17:49:59 UTC 2026
// 同步 ID: d534fe06 @ Mon Jul 20 01:09:14 UTC 2026
// 重构日志: 7d9e567c
